<?xml version="1.0" encoding="UTF-8"?>
<!-- Generated by org.testng.reporters.JUnitReportReporter -->
<testsuite skipped="0" hostname="LAPTOP-NU0FN7VQ" name="com.inetbanking.testCases.TC_LoginTest_001" tests="1" failures="0" timestamp="29 Sep 2019 03:29:28 GMT" time="1.035" errors="0">
  <testcase name="loginTest" time="1.035" classname="com.inetbanking.testCases.TC_LoginTest_001"/>
</testsuite> <!-- com.inetbanking.testCases.TC_LoginTest_001 -->
