<?xml version="1.0" encoding="UTF-8"?>
<!-- Generated by org.testng.reporters.JUnitReportReporter -->
<testsuite skipped="0" hostname="LAPTOP-NU0FN7VQ" name="com.inetbanking.testCases.TC_LoginTest_001" tests="1" failures="0" timestamp="30 Sep 2019 17:18:07 GMT" time="2.138" errors="0">
  <testcase name="loginTest" time="2.138" classname="com.inetbanking.testCases.TC_LoginTest_001"/>
</testsuite> <!-- com.inetbanking.testCases.TC_LoginTest_001 -->
